<?xml version="1.0" encoding="UTF-8"?>
<!-- Generated by org.testng.reporters.JUnitReportReporter -->
<testsuite hostname="LAPTOP-Q3H0N5IM" failures="0" tests="2" name="qaclickacademy.MavenJava.AppiumTest" time="0.006" errors="0" timestamp="2021-10-08T19:07:17 IST" skipped="0">
  <testcase classname="qaclickacademy.MavenJava.AppiumTest" name="IOSApps" time="0.003"/>
  <system-out/>
  <testcase classname="qaclickacademy.MavenJava.AppiumTest" name="NativeAppAndroid" time="0.003"/>
  <system-out/>
</testsuite> <!-- qaclickacademy.MavenJava.AppiumTest -->
