<?xml version="1.0" encoding="UTF-8"?>
<!-- Generated by org.testng.reporters.JUnitReportReporter -->
<testsuite hostname="LAPTOP-Q3H0N5IM" failures="0" tests="2" name="qaclickacademy.MavenJava.SeleniumTest" time="0.034" errors="0" timestamp="2021-10-08T19:07:17 IST" skipped="0">
  <testcase classname="qaclickacademy.MavenJava.SeleniumTest" name="elementsUI" time="0.015"/>
  <system-out/>
  <testcase classname="qaclickacademy.MavenJava.SeleniumTest" name="BrowserAutomation" time="0.019"/>
  <system-out/>
</testsuite> <!-- qaclickacademy.MavenJava.SeleniumTest -->
