<?xml version="1.0" encoding="UTF-8"?>
<!-- Generated by org.testng.reporters.JUnitReportReporter -->
<testsuite hostname="LAPTOP-Q3H0N5IM" name="qaclickacademy.MavenJava.RestAPITest" tests="2" failures="0" timestamp="9 Oct 2021 12:32:43 GMT" time="0.000" errors="0">
  <testcase name="deleteTwitter" time="0.000" classname="qaclickacademy.MavenJava.RestAPITest"/>
  <testcase name="postJira" time="0.000" classname="qaclickacademy.MavenJava.RestAPITest"/>
</testsuite> <!-- qaclickacademy.MavenJava.RestAPITest -->
