<?xml version="1.0" encoding="UTF-8"?>
<!-- Generated by org.testng.reporters.JUnitReportReporter -->
<testsuite hostname="LAPTOP-Q3H0N5IM" name="qaclickacademy.MavenJava.SeleniumTest" tests="2" failures="0" timestamp="9 Oct 2021 12:33:11 GMT" time="0.024" errors="0">
  <testcase name="BrowserAutomation" time="0.023" classname="qaclickacademy.MavenJava.SeleniumTest"/>
  <testcase name="elementsUI" time="0.001" classname="qaclickacademy.MavenJava.SeleniumTest"/>
</testsuite> <!-- qaclickacademy.MavenJava.SeleniumTest -->
