<?xml version="1.0" encoding="UTF-8"?>
<!-- Generated by org.testng.reporters.JUnitReportReporter -->
<testsuite hostname="LAPTOP-Q3H0N5IM" name="qaclickacademy.MavenJava.AppiumTest" tests="2" failures="0" timestamp="9 Oct 2021 12:33:11 GMT" time="0.010" errors="0">
  <testcase name="IOSApps" time="0.001" classname="qaclickacademy.MavenJava.AppiumTest"/>
  <testcase name="NativeAppAndroid" time="0.009" classname="qaclickacademy.MavenJava.AppiumTest"/>
</testsuite> <!-- qaclickacademy.MavenJava.AppiumTest -->
