<?xml version="1.0" encoding="UTF-8"?>
<!-- Generated by org.testng.reporters.JUnitReportReporter -->
<testsuite hostname="LAPTOP-Q3H0N5IM" name="qaclickacademy.MavenJava.RestAPI" tests="2" failures="0" timestamp="8 Oct 2021 17:17:02 GMT" time="0.001" errors="0">
  <testcase name="deleteTwitter" time="0.001" classname="qaclickacademy.MavenJava.RestAPI"/>
  <testcase name="postJira" time="0.000" classname="qaclickacademy.MavenJava.RestAPI"/>
</testsuite> <!-- qaclickacademy.MavenJava.RestAPI -->
